<?xml version="1.0" encoding="UTF-8"?>
<!-- Generated by org.testng.reporters.JUnitReportReporter -->
<testsuite skipped="0" hostname="xuepingsundeMacBook-Pro.local" name="sun.baoxian.fangaiTest" tests="1" failures="0" timestamp="16 三月 2020 03:00:25 GMT" time="19.005" errors="0">
  <testcase name="jiangxin_test" time="19.005" classname="sun.baoxian.fangaiTest"/>
</testsuite> <!-- sun.baoxian.fangaiTest -->
