<?xml version="1.0" encoding="UTF-8"?>
<!-- Generated by org.testng.reporters.JUnitReportReporter -->
<testsuite skipped="0" hostname="xuepingsundeMacBook-Pro.local" name="sun.baoxian.taikangActionTest" tests="1" failures="0" timestamp="16 三月 2020 03:00:25 GMT" time="13.708" errors="0">
  <testcase name="taikang2019_001" time="13.708" classname="sun.baoxian.taikangActionTest"/>
</testsuite> <!-- sun.baoxian.taikangActionTest -->
