<?xml version="1.0" encoding="UTF-8"?>
<!-- Generated by org.testng.reporters.JUnitReportReporter -->
<testsuite skipped="0" hostname="xuepingsundeMacBook-Pro.local" name="sun.baoxian.jinglingbaoTest" tests="1" failures="0" timestamp="16 三月 2020 03:00:25 GMT" time="15.384" errors="0">
  <testcase name="jingling" time="15.384" classname="sun.baoxian.jinglingbaoTest"/>
</testsuite> <!-- sun.baoxian.jinglingbaoTest -->
